{'beta': 10,
 'bg_alpha': 4,
 'cam_batch_size': 16,
 'cam_crop_size': 512,
 'cam_eval_thres': 0.1,
 'cam_learning_rate': 0.1,
 'cam_network': 'net.resnet50_cam',
 'cam_num_epoches': 5,
 'cam_out_dir': 'voc_mctformerv2/cam_mask',
 'cam_scales': (1.0, 0.75, 1.25),
 'cam_to_ir_label_pass': False,
 'cam_weight_decay': 0.0001,
 'cam_weights_name': 'voc_mctformerv2/res50_cam.pth',
 'chainer_eval_set': 'train',
 'conf_bg_thres': 0.28,
 'conf_fg_thres': 0.48,
 'eval_cam_dir': 'voc_mctformerv2/cam_mask',
 'eval_cam_pass': True,
 'eval_ins_seg_pass': False,
 'eval_sem_seg_pass': False,
 'exp_times': 8,
 'feature_dim': 2048,
 'fg_alpha': 1,
 'infer_list': 'voc12/train.txt',
 'ir_label_out_dir': 'voc_mctformerv2/ir_label',
 'ir_palette_dir': None,
 'irn_batch_size': 32,
 'irn_crop_size': 512,
 'irn_learning_rate': 0.1,
 'irn_network': 'net.resnet50_irn',
 'irn_num_epoches': 3,
 'irn_weight_decay': 0.0001,
 'irn_weights_name': 'voc_mctformerv2/res50_irn.pth',
 'log_name': 'voc_mctformerv2/info',
 'lpcam_out_dir': 'voc_mctformerv2/cam_mask',
 'make_cam_pass': True,
 'make_ins_seg_pass': False,
 'make_lpcam_pass': False,
 'make_sem_seg_pass': False,
 'num_workers': 12,
 'seed': 0,
 'sem_seg_bg_thres': 0.5,
 'sem_seg_npy_dir': 'voc_mctformerv2/cam_mask',
 'sem_seg_out_dir': 'voc_mctformerv2/sem_seg',
 'train_cam_pass': False,
 'train_irn_pass': False,
 'train_list': 'voc12/train_aug.txt',
 'val_list': 'voc12/val.txt',
 'voc12_root': 'dataset/VOCdevkit/VOC2012/',
 'work_space': 'voc_mctformerv2'}
{'beta': 10,
 'bg_alpha': 4,
 'cam_batch_size': 16,
 'cam_crop_size': 512,
 'cam_eval_thres': 0.1,
 'cam_learning_rate': 0.1,
 'cam_network': 'net.resnet50_cam',
 'cam_num_epoches': 5,
 'cam_out_dir': 'voc_mctformerv2/cam_mask',
 'cam_scales': (1.0, 0.75, 1.25),
 'cam_to_ir_label_pass': False,
 'cam_weight_decay': 0.0001,
 'cam_weights_name': 'voc_mctformerv2/res50_cam.pth',
 'chainer_eval_set': 'train',
 'conf_bg_thres': 0.28,
 'conf_fg_thres': 0.48,
 'eval_cam_dir': 'voc_mctformerv2/cam_mask',
 'eval_cam_pass': True,
 'eval_ins_seg_pass': False,
 'eval_sem_seg_pass': False,
 'exp_times': 8,
 'feature_dim': 2048,
 'fg_alpha': 1,
 'infer_list': 'voc12/train.txt',
 'ir_label_out_dir': 'voc_mctformerv2/ir_label',
 'ir_palette_dir': None,
 'irn_batch_size': 32,
 'irn_crop_size': 512,
 'irn_learning_rate': 0.1,
 'irn_network': 'net.resnet50_irn',
 'irn_num_epoches': 3,
 'irn_weight_decay': 0.0001,
 'irn_weights_name': 'voc_mctformerv2/res50_irn.pth',
 'log_name': 'voc_mctformerv2/info',
 'lpcam_out_dir': 'voc_mctformerv2/cam_mask',
 'make_cam_pass': True,
 'make_ins_seg_pass': False,
 'make_lpcam_pass': False,
 'make_sem_seg_pass': False,
 'num_workers': 12,
 'seed': 0,
 'sem_seg_bg_thres': 0.5,
 'sem_seg_npy_dir': 'voc_mctformerv2/cam_mask',
 'sem_seg_out_dir': 'voc_mctformerv2/sem_seg',
 'train_cam_pass': False,
 'train_irn_pass': False,
 'train_list': 'voc12/train_aug.txt',
 'val_list': 'voc12/val.txt',
 'voc12_root': 'dataset/VOCdevkit/VOC2012/',
 'work_space': 'voc_mctformerv2'}
step.make_cam: Tue Feb  6 00:03:23 2024
{'beta': 10,
 'bg_alpha': 4,
 'cam_batch_size': 16,
 'cam_crop_size': 512,
 'cam_eval_thres': 0.1,
 'cam_learning_rate': 0.1,
 'cam_network': 'net.resnet50_cam',
 'cam_num_epoches': 5,
 'cam_out_dir': 'voc_mctformerv2/cam_mask',
 'cam_scales': (1.0, 0.75, 1.25),
 'cam_to_ir_label_pass': False,
 'cam_weight_decay': 0.0001,
 'cam_weights_name': 'voc_mctformerv2/res50_cam.pth',
 'chainer_eval_set': 'train',
 'conf_bg_thres': 0.28,
 'conf_fg_thres': 0.48,
 'eval_cam_dir': 'voc_mctformerv2/cam_mask',
 'eval_cam_pass': True,
 'eval_ins_seg_pass': False,
 'eval_sem_seg_pass': False,
 'exp_times': 8,
 'feature_dim': 2048,
 'fg_alpha': 1,
 'infer_list': 'voc12/train.txt',
 'ir_label_out_dir': 'voc_mctformerv2/ir_label',
 'ir_palette_dir': None,
 'irn_batch_size': 32,
 'irn_crop_size': 512,
 'irn_learning_rate': 0.1,
 'irn_network': 'net.resnet50_irn',
 'irn_num_epoches': 3,
 'irn_weight_decay': 0.0001,
 'irn_weights_name': 'voc_mctformerv2/res50_irn.pth',
 'log_name': 'voc_mctformerv2/info',
 'lpcam_out_dir': 'voc_mctformerv2/cam_mask',
 'make_cam_pass': True,
 'make_ins_seg_pass': False,
 'make_lpcam_pass': False,
 'make_sem_seg_pass': False,
 'num_workers': 12,
 'seed': 0,
 'sem_seg_bg_thres': 0.5,
 'sem_seg_npy_dir': 'voc_mctformerv2/cam_mask',
 'sem_seg_out_dir': 'voc_mctformerv2/sem_seg',
 'train_cam_pass': False,
 'train_irn_pass': False,
 'train_list': 'voc12/train_aug.txt',
 'val_list': 'voc12/val.txt',
 'voc12_root': 'dataset/VOCdevkit/VOC2012/',
 'work_space': 'voc_mctformerv2'}
step.make_cam: Tue Feb  6 00:05:28 2024
